Server is running at http://172.31.30.240:5000/
GET
/
POST
Received body data:
{"id":"ethan","raw":76.31,"corrected":69.9}
ethan
76.31
69.9
INSERT INTO Records VALUES ('ethan',76.31,69.9)
success
GET
/stats?user=ethan
searching for records pertaining to ethan
GET
/
POST
Received body data:
{"id":"ethan","raw":64.8,"corrected":61.45,"time":"2016-06-09T23:03:20.816Z"}
ethan
64.8
61.45
INSERT INTO Records VALUES ('ethan',64.8,61.45)
{ [Error: ER_WRONG_VALUE_COUNT_ON_ROW: Column count doesn't match value count at row 1]
  code: 'ER_WRONG_VALUE_COUNT_ON_ROW',
  errno: 1136,
  sqlState: '21S01',
  index: 0 }
GET
/
POST
Received body data:
{"id":"ethan","raw":91.35,"corrected":91.35,"time":"2016-06-09T23:04:55.576Z"}
ethan
91.35
91.35
INSERT INTO Records VALUES ('ethan',91.35,91.35)
{ [Error: ER_WRONG_VALUE_COUNT_ON_ROW: Column count doesn't match value count at row 1]
  code: 'ER_WRONG_VALUE_COUNT_ON_ROW',
  errno: 1136,
  sqlState: '21S01',
  index: 0 }
Server is running at http://172.31.30.240:5000/
GET
/
POST
Received body data:
{"id":"ethan","raw":70.81,"corrected":69.78,"time":"2016-06-09T23:08:26.935Z"}
ethan
70.81
69.78
2016-06-09T23:08:26.935Z
INSERT INTO Records VALUES ('ethan',70.81,69.78,2016-06-09T23:08:26.935Z)
{ [Error: ER_PARSE_ERROR: You have an error in your SQL syntax; check the manual that corresponds to your MySQL server version for the right syntax to use near ':08:26.935Z)' at line 1]
  code: 'ER_PARSE_ERROR',
  errno: 1064,
  sqlState: '42000',
  index: 0 }
Server is running at http://172.31.30.240:5000/
GET
/
POST
Received body data:
{"id":"ethan","raw":61.15,"corrected":61.15,"time":"2016-06-09T23:12:02.214Z"}
ethan
61.15
61.15
2016-06-09T23:12:02.214Z
INSERT INTO Records VALUES ('ethan',61.15,61.15,function () {
    return this.getUTCFullYear() + "-" + twoDigits(1 + this.getUTCMonth()) + "-" + twoDigits(this.getUTCDate()) + " " + twoDigits(this.getUTCHours()) + ":" + twoDigits(this.getUTCMinutes()) + ":" + twoDigits(this.getUTCSeconds());
})
{ [Error: ER_PARSE_ERROR: You have an error in your SQL syntax; check the manual that corresponds to your MySQL server version for the right syntax to use near '() {
    return this.getUTCFullYear() + "-" + twoDigits(1 + this.getUTCMonth()) ' at line 1]
  code: 'ER_PARSE_ERROR',
  errno: 1064,
  sqlState: '42000',
  index: 0 }
Server is running at http://172.31.30.240:5000/
Server is running at http://172.31.30.240:5000/
GET
/
POST
Received body data:
{"id":"ethan","raw":76.41,"corrected":76.41,"time":"2016-06-09T23:21:35.651Z","difficulty":"intermediate"}
ethan
76.41
76.41
2016-06-09T23:21:35.651Z
INSERT INTO Records VALUES ('ethan',76.41,76.41,'2016-06-09 23:21:35','intermediate')
success
GET
/stats?user=ethan
searching for records pertaining to ethan
GET
/
POST
Received body data:
{"id":"ethan","raw":85.93,"corrected":85.93,"time":"2016-06-09T23:22:13.947Z","difficulty":"intermediate"}
ethan
85.93
85.93
2016-06-09T23:22:13.947Z
INSERT INTO Records VALUES ('ethan',85.93,85.93,'2016-06-09 23:22:13','intermediate')
success
GET
/stats?user=ethan
searching for records pertaining to ethan
GET
/
GET
/
GET
/
GET
/
GET
/
GET
/
GET
/
